C51 COMPILER V9.54   SONG                                                                  09/01/2023 02:21:03 PAGE 1   


C51 COMPILER V9.54, COMPILATION OF MODULE SONG
OBJECT MODULE PLACED IN .\Objects\song.obj
COMPILER INVOKED BY: E:\Keil_v5\C51\BIN\C51.EXE source\song.c OPTIMIZE(8,SPEED) BROWSE INCDIR(.\inc) DEBUG OBJECTEXTEND 
                    -PRINT(.\Listings\song.lst) TABS(2) OBJECT(.\Objects\song.obj)

line level    source

   1          /*     “Ù¿÷±‡¬ÎπÊ‘Ú£∫ 1£¨≥£πÊ“Ù¿÷ºÚ∆◊∑¢“Ù±‡¬Î£®≥…∂‘≥ˆœ÷£¨≤ªø…∑÷ø™£¨º¥÷–º‰≤ªƒ‹≤Â»Î∆‰À¸±‡¬Î∫Õøÿ÷∆◊÷£©   
   2                                         “Ù∏ﬂ£®1◊÷Ω⁄£©£¨Ω⁄≈ƒ ˝£®1◊÷Ω⁄£©£¨“Ù∏ﬂ£¨Ω⁄≈ƒ£¨.......        // “Ù∏ﬂ£∫ 00       
             -   £∫–›÷π∑˚
   3                                                                                                              0x11 °™ 0x17 £∫∂‘”¶µÕ
             -“Ù do°¢re°¢mi°¢fa°¢so°¢la°¢si
   4                                                                                                              0x21 °™ 0x27 £∫∂‘”¶÷–“Ù do°¢re°¢mi°¢fa°¢so°¢la°¢si
   5                                                                                                              0x31 °™ 0x37 £∫∂‘”¶∏ﬂ
             -“Ù do°¢re°¢mi°¢fa°¢so°¢la°¢si
   6                                                                                                       Ω⁄≈ƒ£∫ 1-255£®0x01-0xFF£©£∫ µ•Œª1/16≈ƒ
   7                                                                                                              ªÚ Æ¡˘Ω¯÷∆÷–£¨∏ﬂ4Œª±Ì æ’˚≈ƒ ˝£¨µÕ4Œª±Ì æ∑÷≈ƒ ˝
   8                                                                                                                  »Á£∫∑¢“Ù2≈ƒ£∫  0x20
   9                                                                                                                      ∑¢“Ù∞Î≈ƒ£∫ 0x08
  10                                                                                                                      ∑¢“Ù1≈ƒ∞Î£∫0x18
  11                                2£¨“Ù¿÷±‡¬Î÷–ø…“‘≤Â»Î“‘œ¬øÿ÷∆◊÷£¨”√”⁄…Ë∂®“Ù¿÷≤•∑≈≤Œ ˝µ»£®«∞6∏ˆ“≤ø…“‘Õ®π˝∫Ø ˝£¨”√≥Ã–Ú…Ë∂®∫Õ µœ÷£
             -©
  12                                              Use_null           £∫  ≤ª”√LED∫ÕLight
  13                                              Use_LED            £∫  ∆Ù”√LED
  14                                              Use_Light          £∫  ∆Ù”√Light
  15                                              Use_LEDandLight    £∫  ∆Ù”√LED∫ÕLight
  16                                              Set_beatsPM        £∫  …Ë÷√Ω⁄≈ƒ¬ £¨ ∫Û√Ê‘Ÿ∏˙ Ω⁄≈ƒ¬ £®1◊÷Ω⁄£©
  17                                              Set_tone           £∫  …Ë÷√“Ùµ˜£¨   ∫Û√Ê‘Ÿ∏˙ “Ùµ˜£®1◊÷Ω⁄£©£∫0xFA ªÚ 0xFB ªÚ 0xFC ªÚ 0xFD
             - ªÚ 0xFE ªÚ 0xFF ªÚ 0xF9
  18                                              Repeat_begin       £∫  …Ë÷√“Ù¿÷≤•∑≈÷ÿ∏¥ø™ º¥¶°£÷ÿ∏¥“ª¥Œ£®‘›≤ªƒ‹∂‡¥Œ£©£¨‘›≤ªƒ‹«∂Ã◊£®«∂Ã◊Œ
             -ﬁ–ßªÚø…ƒ‹µº÷¬≤ªø…‘§∆⁄Ω·π˚£©
  19                                              Repeat_end         £∫  …Ë÷√“Ù¿÷≤•∑≈÷ÿ∏¥Ω· ¯¥¶
  20          */
  21          // code unsigned char song[]={         //°∂Õ¨“ª ◊∏Ë°∑
  22          // 0x00,0x10,
  23          // 0x25,0x10,
  24          // 0x31,0x10,
  25          // 0x32,0x10,
  26          // 0x33,0x30,
  27          // 0x32,0x08,
  28          // 0x31,0x08,
  29          // 0x32,0x20,
  30          // 0x31,0x10,
  31          // 0x26,0x10,
  32          // 0x31,0x40,  
  33          // 0x31,0x08,
  34          // 0x26,0x08,
  35          // 0x25,0x08,
  36          // 0x23,0x08,
  37          // 0x21,0x08,
  38          // 0x16,0x08,
  39          // 0x15,0x08,
  40          // 0x13,0x08,
  41          // enumMscRepeatBegin,            
  42          // 0x15,0x20,
  43          // 0x21,0x10,
  44          // 0x22,0x10,
  45          // 0x23,0x18,
  46          // 0x24,0x08,
  47          // 0x23,0x10,
  48          // 0x21,0x10,
C51 COMPILER V9.54   SONG                                                                  09/01/2023 02:21:03 PAGE 2   

  49          // 0x22,0x20,
  50          // 0x21,0x10,
  51          // 0x16,0x10,
  52          // 0x21,0x40,  
  53          // 0x15,0x20,
  54          // 0x21,0x10,
  55          // 0x22,0x10,
  56          
  57          // 0x23,0x10,
  58          // 0x23,0x08,
  59          // 0x24,0x08,
  60          // 0x25,0x10,
  61          // 0x21,0x10,
  62          // 0x24,0x18,
  63          // 0x23,0x08,
  64          // 0x25,0x10,
  65          // 0x22,0x08,
  66          // 0x23,0x08,
  67          // 0x23,0x08,
  68          // 0x22,0x08,
  69          // 0x22,0x30,
  70          // 0x23,0x20,
  71          // 0x25,0x10,
  72          // 0x31,0x10,
  73          
  74          // 0x27,0x18,
  75          // 0x26,0x08,
  76          // 0x26,0x20,
  77          // 0x25,0x10,
  78          // 0x25,0x08,
  79          // 0x26,0x08,
  80          // 0x27,0x10,
  81          // 0x26,0x08,
  82          // 0x25,0x08,
  83          // 0x23,0x40,
  84          // 0x24,0x18,
  85          // 0x24,0x08,
  86          // 0x25,0x10,
  87          // 0x26,0x10,
  88          
  89          // 0x25,0x10,
  90          // 0x24,0x08,
  91          // 0x23,0x08,
  92          // 0x22,0x20,
  93          // 0x17,0x10,
  94          // 0x17,0x08,
  95          // 0x16,0x08,
  96          // 0x15,0x10,
  97          // 0x16,0x10,
  98          // 0x21,0x80,
  99          
 100          // // enumMscDrvSeg7,                    //∏ƒ±‰œ‘ æ
 101          // enumMscSetTone, 0xFF,             //…Ë÷√“Ùµ˜
 102          // enumMscSetBeatsPM,120,            //…Ë÷√Ω⁄≈ƒ¬
 103          // enumMscRepeatEnd                 //…Ë÷√÷ÿ∏¥Ω· ¯
 104          // };
 105          
 106          code unsigned char song[]={         //°∂∏Ë≥™◊Êπ˙°∑
 107          enumMscSetTone, 0xFA,             //…Ë÷√“Ùµ˜
*** ERROR C202 IN LINE 107 OF source\song.c: 'enumMscSetTone': undefined identifier
 108          0x25, 0x04,
 109          0x25, 0x04,
C51 COMPILER V9.54   SONG                                                                  09/01/2023 02:21:03 PAGE 3   

 110          0x25, 0x18, 
 111          0x25, 0x04,
 112          0x25, 0x04,
 113          0x25, 0x18, 
 114          0x25, 0x04,
 115          0x25, 0x04,
 116          0x25, 0x08, 
 117          0x24, 0x08,
 118          0x23, 0x08, 
 119          0x22, 0x08,
 120          0x21, 0x10,
 121          
 122          enumMscRepeatBegin,     
*** ERROR C202 IN LINE 122 OF source\song.c: 'enumMscRepeatBegin': undefined identifier
 123          0x15, 0x0c,
 124          0x15, 0x04,
 125          
 126          0x21, 0x10,
 127          0x15, 0x10, 
 128          0x23, 0x10,
 129          0x21, 0x10,   
 130          0x25, 0x18,
 131          0x26, 0x08, 
 132          0x25, 0x10,
 133          
 134          0x25, 0x0c,
 135          0x25, 0x04,
 136          0x31, 0x10,
 137          0x31, 0x10,
 138          0x26, 0x0c,
 139          0x25, 0x04,
 140          0x24, 0x08,
 141          0x26, 0x08,
 142          0x25, 0x30,
 143          
 144          0x25, 0x0c,
 145          0x25, 0x04,
 146          0x26, 0x10,
 147          0x26, 0x10,
 148          0x22, 0x10,
 149          0x22, 0x0c,
 150          0x22, 0x04,
 151          0x25, 0x18,
 152          0x24, 0x08,
 153          0x23, 0x10,
 154          
 155          0x15, 0x0c,
 156          0x15, 0x04,
 157          0x25, 0x10,
 158          0x25, 0x08,
 159          0x26, 0x08,
 160          0x25, 0x08,
 161          0x24, 0x08,
 162          0x23, 0x08,
 163          0x22, 0x08,
 164          0x21, 0x30,
 165          
 166          0x25, 0x0c,
 167          0x25, 0x04,
 168          0x31, 0x10,
 169          0x31, 0x10,
 170          0x26, 0x10,
C51 COMPILER V9.54   SONG                                                                  09/01/2023 02:21:03 PAGE 4   

 171          0x26, 0x0c,
 172          0x25, 0x04,
 173          0x24, 0x18,
 174          0x25, 0x08,
 175          0x26, 0x10,
 176          
 177          0x22, 0x0c,
 178          0x22, 0x04,
 179          0x25, 0x10,
 180          0x25, 0x08,
 181          0x26, 0x08,
 182          0x25, 0x08,
 183          0x24, 0x08,
 184          0x23, 0x08,
 185          0x22, 0x08,
 186          0x21, 0x38,
 187          0x00, 0x08,
 188          
 189          0x21, 0x0c,
 190          0x15, 0x08,
 191          0x23, 0x10,
 192          0x23, 0x18,
 193          0x00, 0x08,
 194          
 195          0x23, 0x0c,
 196          0x21, 0x04,
 197          0x26, 0x10,
 198          0x26, 0x18,
 199          0x00, 0x08,
 200          
 201          0x16, 0x18,
 202          0x16, 0x08,
 203          0x22, 0x10,
 204          0x22, 0x0c,
 205          0x23, 0x04,
 206          0x22, 0x08,
 207          0x21, 0x08,
 208          0x27, 0x08,
 209          0x26, 0x08,
 210          0x15, 0x20,
 211          
 212          0x21, 0x10,
 213          0x15, 0x10,
 214          0x16, 0x08,
 215          0x16, 0x10,
 216          0x15, 0x08,
 217          0x21, 0x10,
 218          0x22, 0x10,
 219          0x23, 0x10,
 220          0x00, 0x10,
 221          
 222          0x22, 0x10,
 223          0x26, 0x08,
 224          0x26, 0x08,
 225          0x25, 0x08,
 226          0x25, 0x10,
 227          0x23, 0x08,
 228          0x22, 0x10,
 229          0x26, 0x10,
 230          0x25, 0x10,
 231          
 232          0x00, 0x08,
C51 COMPILER V9.54   SONG                                                                  09/01/2023 02:21:03 PAGE 5   

 233          0x21, 0x08,
 234          0x31, 0x0c,
 235          0x31, 0x04,
 236          0x31, 0x08,
 237          0x25, 0x08,
 238          0x26, 0x18,
 239          0x31, 0x08,
 240          0x26, 0x0c,
 241          0x25, 0x04,
 242          0x24, 0x08,
 243          0x25, 0x08,
 244          0x25, 0x10,
 245          0x00, 0x10,
 246          
 247          0x31, 0x0c,
 248          0x31, 0x04,
 249          0x31, 0x08,
 250          0x31, 0x08,
 251          0x25, 0x10,
 252          0x25, 0x08,
 253          0x26, 0x08,
 254          0x25, 0x08,
 255          0x24, 0x08,
 256          0x23, 0x08,
 257          0x22, 0x08,
 258          0x21, 0x10,
 259          
 260          enumMscSetTone, 0xFB,             //…Ë÷√“Ùµ˜
*** ERROR C202 IN LINE 260 OF source\song.c: 'enumMscSetTone': undefined identifier
 261          enumMscSetBeatsPM,100,            //…Ë÷√Ω⁄≈ƒ
*** ERROR C202 IN LINE 261 OF source\song.c: 'enumMscSetBeatsPM': undefined identifier
 262          enumMscRepeatEnd                  //…Ë÷√÷ÿ∏¥Ω· ¯
 263          
 264          };
*** ERROR C202 IN LINE 264 OF source\song.c: 'enumMscRepeatEnd': undefined identifier

C51 COMPILATION COMPLETE.  0 WARNING(S),  5 ERROR(S)
